Mi Jul 29 01:33:35 CEST 2020
Mi Jul 29 01:33:42 CEST 2020
Mo Aug  3 12:55:10 CEST 2020
Mo Aug  3 16:59:59 CEST 2020
Mo Aug  3 17:52:23 CEST 2020
Mo Aug  3 22:33:50 CEST 2020
Mi Aug  5 13:31:16 CEST 2020
Mi Aug  5 18:47:45 CEST 2020
Fr Aug 14 10:28:59 CEST 2020
Fr Aug 14 13:27:32 CEST 2020
Fr Aug 14 13:31:18 CEST 2020
Fr Aug 14 13:42:36 CEST 2020
Fr Aug 14 13:43:24 CEST 2020
Fr Aug 14 13:58:37 CEST 2020
Fr Aug 14 14:17:18 CEST 2020
Fr Aug 14 14:44:49 CEST 2020
Fr Aug 14 16:18:45 CEST 2020
Fr Aug 14 17:51:35 CEST 2020
Fr Aug 14 23:33:11 CEST 2020
Sa Aug 15 01:46:20 CEST 2020
Sa Aug 15 01:46:23 CEST 2020
Sa Aug 15 06:46:12 CEST 2020
Sa Aug 15 14:10:47 CEST 2020
Sa Aug 15 17:16:59 CEST 2020
Mi Sep  9 12:33:13 CEST 2020
Mi Sep  9 13:53:05 CEST 2020
Do Sep 10 18:56:30 CEST 2020
Do Sep 10 18:57:29 CEST 2020
Do Sep 10 18:57:53 CEST 2020
Do Sep 10 18:58:08 CEST 2020
Do Sep 10 18:58:44 CEST 2020
Do Sep 10 18:58:48 CEST 2020
Do Sep 10 18:59:08 CEST 2020
Fr Sep 11 01:13:10 CEST 2020
Mi Sep 16 20:04:27 CEST 2020
Mi Sep 16 20:18:41 CEST 2020
Fr Okt 23 21:50:17 CEST 2020
Sa Okt 24 03:21:40 CEST 2020
Fr Nov 13 11:32:20 CET 2020
Fr Nov 13 13:01:31 CET 2020
Mi Nov 25 13:40:41 CET 2020
Mi Nov 25 16:14:28 CET 2020
Mi Nov 25 19:53:54 CET 2020
